# JRE version: OpenJDK Runtime Environment Temurin-21.0.10+7 (21.0.10+7) (build 21.0.10+7-LTS)
# Java VM: OpenJDK 64-Bit Server VM Temurin-21.0.10+7 (21.0.10+7-LTS, mixed mode, sharing, tiered, compressed oops, compressed class ptrs, parallel gc, windows-amd64)
GC Precious Log:
 CardTable entry size: 512
 CPUs: 8 total, 8 available
 Memory: 8039M
 Large Page Support: Disabled
 NUMA Support: Disabled
 Compressed Oops: Enabled (32-bit)
 Alignments: Space 512K, Generation 512K, Heap 2M
 Heap Min Capacity: 100M
 Heap Initial Capacity: 100M
 Heap Max Capacity: 2G
 Pre-touch: Disabled
 Parallel Workers: 8
Heap:
 PSYoungGen      total 20992K, used 15740K [0x00000000d5580000, 0x00000000d7080000, 0x0000000100000000)
  eden space 19968K, 74% used [0x00000000d5580000,0x00000000d6418f38,0x00000000d6900000)
  from space 1024K, 77% used [0x00000000d6e80000,0x00000000d6f461c8,0x00000000d6f80000)
  to   space 1024K, 0% used [0x00000000d6f80000,0x00000000d6f80000,0x00000000d7080000)
 ParOldGen       total 79360K, used 79231K [0x0000000080000000, 0x0000000084d80000, 0x00000000d5580000)
  object space 79360K, 99% used [0x0000000080000000,0x0000000084d5fcc8,0x0000000084d80000)
 Metaspace       used 71790K, committed 73408K, reserved 1114112K
  class space    used 8115K, committed 8768K, reserved 1048576K
GC Heap History (20 events):
Event: 131.692 GC heap before
{Heap before GC invocations=51 (full 3):
 PSYoungGen      total 24064K, used 20477K [0x00000000d5580000, 0x00000000d7400000, 0x0000000100000000)
  eden space 19968K, 99% used [0x00000000d5580000,0x00000000d68ff7a8,0x00000000d6900000)
  from space 4096K, 12% used [0x00000000d6c80000,0x00000000d6d00000,0x00000000d7080000)
  to   space 1536K, 0% used [0x00000000d7280000,0x00000000d7280000,0x00000000d7400000)
 ParOldGen       total 68608K, used 63788K [0x0000000080000000, 0x0000000084300000, 0x00000000d5580000)
  object space 68608K, 92% used [0x0000000080000000,0x0000000083e4b380,0x0000000084300000)
 Metaspace       used 63222K, committed 64576K, reserved 1114112K
  class space    used 6855K, committed 7424K, reserved 1048576K
}
Event: 131.694 GC heap after
{Heap after GC invocations=51 (full 3):
 PSYoungGen      total 21504K, used 1088K [0x00000000d5580000, 0x00000000d7400000, 0x0000000100000000)
  eden space 19968K, 0% used [0x00000000d5580000,0x00000000d5580000,0x00000000d6900000)
  from space 1536K, 70% used [0x00000000d7280000,0x00000000d7390258,0x00000000d7400000)
  to   space 1536K, 0% used [0x00000000d7100000,0x00000000d7100000,0x00000000d7280000)
 ParOldGen       total 68608K, used 64260K [0x0000000080000000, 0x0000000084300000, 0x00000000d5580000)
  object space 68608K, 93% used [0x0000000080000000,0x0000000083ec1380,0x0000000084300000)
 Metaspace       used 63222K, committed 64576K, reserved 1114112K
  class space    used 6855K, committed 7424K, reserved 1048576K
}
Event: 132.372 GC heap before
{Heap before GC invocations=52 (full 3):
 PSYoungGen      total 21504K, used 21056K [0x00000000d5580000, 0x00000000d7400000, 0x0000000100000000)
  eden space 19968K, 99% used [0x00000000d5580000,0x00000000d68ffff0,0x00000000d6900000)
  from space 1536K, 70% used [0x00000000d7280000,0x00000000d7390258,0x00000000d7400000)
  to   space 1536K, 0% used [0x00000000d7100000,0x00000000d7100000,0x00000000d7280000)
 ParOldGen       total 68608K, used 64260K [0x0000000080000000, 0x0000000084300000, 0x00000000d5580000)
  object space 68608K, 93% used [0x0000000080000000,0x0000000083ec1380,0x0000000084300000)
 Metaspace       used 63652K, committed 65088K, reserved 1114112K
  class space    used 6946K, committed 7552K, reserved 1048576K
}
Event: 132.376 GC heap after
{Heap after GC invocations=52 (full 3):
 PSYoungGen      total 21504K, used 1534K [0x00000000d5580000, 0x00000000d7400000, 0x0000000100000000)
  eden space 19968K, 0% used [0x00000000d5580000,0x00000000d5580000,0x00000000d6900000)
  from space 1536K, 99% used [0x00000000d7100000,0x00000000d727fa80,0x00000000d7280000)
  to   space 1536K, 0% used [0x00000000d7280000,0x00000000d7280000,0x00000000d7400000)
 ParOldGen       total 68608K, used 67261K [0x0000000080000000, 0x0000000084300000, 0x00000000d5580000)
  object space 68608K, 98% used [0x0000000080000000,0x00000000841af728,0x0000000084300000)
 Metaspace       used 63652K, committed 65088K, reserved 1114112K
  class space    used 6946K, committed 7552K, reserved 1048576K
}
Event: 133.256 GC heap before
{Heap before GC invocations=53 (full 3):
 PSYoungGen      total 21504K, used 21502K [0x00000000d5580000, 0x00000000d7400000, 0x0000000100000000)
  eden space 19968K, 100% used [0x00000000d5580000,0x00000000d6900000,0x00000000d6900000)
  from space 1536K, 99% used [0x00000000d7100000,0x00000000d727fa80,0x00000000d7280000)
  to   space 1536K, 0% used [0x00000000d7280000,0x00000000d7280000,0x00000000d7400000)
 ParOldGen       total 68608K, used 67261K [0x0000000080000000, 0x0000000084300000, 0x00000000d5580000)
  object space 68608K, 98% used [0x0000000080000000,0x00000000841af728,0x0000000084300000)
 Metaspace       used 65729K, committed 67200K, reserved 1114112K
  class space    used 7319K, committed 7936K, reserved 1048576K
}
Event: 133.262 GC heap after
{Heap after GC invocations=53 (full 3):
 PSYoungGen      total 20992K, used 800K [0x00000000d5580000, 0x00000000d7380000, 0x0000000100000000)
  eden space 19968K, 0% used [0x00000000d5580000,0x00000000d5580000,0x00000000d6900000)
  from space 1024K, 78% used [0x00000000d7280000,0x00000000d7348020,0x00000000d7380000)
  to   space 2560K, 0% used [0x00000000d6e80000,0x00000000d6e80000,0x00000000d7100000)
 ParOldGen       total 69120K, used 68792K [0x0000000080000000, 0x0000000084380000, 0x00000000d5580000)
  object space 69120K, 99% used [0x0000000080000000,0x000000008432e098,0x0000000084380000)
 Metaspace       used 65729K, committed 67200K, reserved 1114112K
  class space    used 7319K, committed 7936K, reserved 1048576K
}
Event: 134.144 GC heap before
{Heap before GC invocations=54 (full 3):
 PSYoungGen      total 20992K, used 20768K [0x00000000d5580000, 0x00000000d7380000, 0x0000000100000000)
  eden space 19968K, 100% used [0x00000000d5580000,0x00000000d6900000,0x00000000d6900000)
  from space 1024K, 78% used [0x00000000d7280000,0x00000000d7348020,0x00000000d7380000)
  to   space 2560K, 0% used [0x00000000d6e80000,0x00000000d6e80000,0x00000000d7100000)
 ParOldGen       total 69120K, used 68792K [0x0000000080000000, 0x0000000084380000, 0x00000000d5580000)
  object space 69120K, 99% used [0x0000000080000000,0x000000008432e098,0x0000000084380000)
 Metaspace       used 67517K, committed 69056K, reserved 1114112K
  class space    used 7599K, committed 8256K, reserved 1048576K
}
Event: 134.147 GC heap after
{Heap after GC invocations=54 (full 3):
 PSYoungGen      total 22528K, used 704K [0x00000000d5580000, 0x00000000d7300000, 0x0000000100000000)
  eden space 19968K, 0% used [0x00000000d5580000,0x00000000d5580000,0x00000000d6900000)
  from space 2560K, 27% used [0x00000000d6e80000,0x00000000d6f30000,0x00000000d7100000)
  to   space 1024K, 0% used [0x00000000d7200000,0x00000000d7200000,0x00000000d7300000)
 ParOldGen       total 69632K, used 69472K [0x0000000080000000, 0x0000000084400000, 0x00000000d5580000)
  object space 69632K, 99% used [0x0000000080000000,0x00000000843d80b8,0x0000000084400000)
 Metaspace       used 67517K, committed 69056K, reserved 1114112K
  class space    used 7599K, committed 8256K, reserved 1048576K
}
Event: 213.324 GC heap before
{Heap before GC invocations=55 (full 3):
 PSYoungGen      total 22528K, used 20672K [0x00000000d5580000, 0x00000000d7300000, 0x0000000100000000)
  eden space 19968K, 100% used [0x00000000d5580000,0x00000000d6900000,0x00000000d6900000)
  from space 2560K, 27% used [0x00000000d6e80000,0x00000000d6f30000,0x00000000d7100000)
  to   space 1024K, 0% used [0x00000000d7200000,0x00000000d7200000,0x00000000d7300000)
 ParOldGen       total 69632K, used 69472K [0x0000000080000000, 0x0000000084400000, 0x00000000d5580000)
  object space 69632K, 99% used [0x0000000080000000,0x00000000843d80b8,0x0000000084400000)
 Metaspace       used 69174K, committed 70720K, reserved 1114112K
  class space    used 7843K, committed 8512K, reserved 1048576K
}
Event: 213.380 GC heap after
{Heap after GC invocations=55 (full 3):
 PSYoungGen      total 20992K, used 992K [0x00000000d5580000, 0x00000000d7300000, 0x0000000100000000)
  eden space 19968K, 0% used [0x00000000d5580000,0x00000000d5580000,0x00000000d6900000)
  from space 1024K, 96% used [0x00000000d7200000,0x00000000d72f8020,0x00000000d7300000)
  to   space 1536K, 0% used [0x00000000d7000000,0x00000000d7000000,0x00000000d7180000)
 ParOldGen       total 72192K, used 71735K [0x0000000080000000, 0x0000000084680000, 0x00000000d5580000)
  object space 72192K, 99% used [0x0000000080000000,0x000000008460dc98,0x0000000084680000)
 Metaspace       used 69174K, committed 70720K, reserved 1114112K
  class space    used 7843K, committed 8512K, reserved 1048576K
}
Event: 213.881 GC heap before
{Heap before GC invocations=56 (full 3):
 PSYoungGen      total 20992K, used 20960K [0x00000000d5580000, 0x00000000d7300000, 0x0000000100000000)
  eden space 19968K, 100% used [0x00000000d5580000,0x00000000d6900000,0x00000000d6900000)
  from space 1024K, 96% used [0x00000000d7200000,0x00000000d72f8020,0x00000000d7300000)
  to   space 1536K, 0% used [0x00000000d7000000,0x00000000d7000000,0x00000000d7180000)
 ParOldGen       total 72192K, used 71735K [0x0000000080000000, 0x0000000084680000, 0x00000000d5580000)
  object space 72192K, 99% used [0x0000000080000000,0x000000008460dc98,0x0000000084680000)
 Metaspace       used 69784K, committed 71360K, reserved 1114112K
  class space    used 7897K, committed 8576K, reserved 1048576K
}
Event: 213.889 GC heap after
{Heap after GC invocations=56 (full 3):
 PSYoungGen      total 21504K, used 1536K [0x00000000d5580000, 0x00000000d7300000, 0x0000000100000000)
  eden space 19968K, 0% used [0x00000000d5580000,0x00000000d5580000,0x00000000d6900000)
  from space 1536K, 100% used [0x00000000d7000000,0x00000000d7180000,0x00000000d7180000)
  to   space 1536K, 0% used [0x00000000d7180000,0x00000000d7180000,0x00000000d7300000)
 ParOldGen       total 74752K, used 74479K [0x0000000080000000, 0x0000000084900000, 0x00000000d5580000)
  object space 74752K, 99% used [0x0000000080000000,0x00000000848bbcb8,0x0000000084900000)
 Metaspace       used 69784K, committed 71360K, reserved 1114112K
  class space    used 7897K, committed 8576K, reserved 1048576K
}
Event: 214.931 GC heap before
{Heap before GC invocations=57 (full 3):
 PSYoungGen      total 21504K, used 21504K [0x00000000d5580000, 0x00000000d7300000, 0x0000000100000000)
  eden space 19968K, 100% used [0x00000000d5580000,0x00000000d6900000,0x00000000d6900000)
  from space 1536K, 100% used [0x00000000d7000000,0x00000000d7180000,0x00000000d7180000)
  to   space 1536K, 0% used [0x00000000d7180000,0x00000000d7180000,0x00000000d7300000)
 ParOldGen       total 74752K, used 74479K [0x0000000080000000, 0x0000000084900000, 0x00000000d5580000)
  object space 74752K, 99% used [0x0000000080000000,0x00000000848bbcb8,0x0000000084900000)
 Metaspace       used 69791K, committed 71360K, reserved 1114112K
  class space    used 7897K, committed 8576K, reserved 1048576K
}
Event: 214.938 GC heap after
{Heap after GC invocations=57 (full 3):
 PSYoungGen      total 21504K, used 1504K [0x00000000d5580000, 0x00000000d7300000, 0x0000000100000000)
  eden space 19968K, 0% used [0x00000000d5580000,0x00000000d5580000,0x00000000d6900000)
  from space 1536K, 97% used [0x00000000d7180000,0x00000000d72f8010,0x00000000d7300000)
  to   space 5120K, 0% used [0x00000000d6900000,0x00000000d6900000,0x00000000d6e00000)
 ParOldGen       total 77824K, used 77663K [0x0000000080000000, 0x0000000084c00000, 0x00000000d5580000)
  object space 77824K, 99% used [0x0000000080000000,0x0000000084bd7cb8,0x0000000084c00000)
 Metaspace       used 69791K, committed 71360K, reserved 1114112K
  class space    used 7897K, committed 8576K, reserved 1048576K
}
Event: 215.927 GC heap before
{Heap before GC invocations=58 (full 3):
 PSYoungGen      total 21504K, used 21472K [0x00000000d5580000, 0x00000000d7300000, 0x0000000100000000)
  eden space 19968K, 100% used [0x00000000d5580000,0x00000000d6900000,0x00000000d6900000)
  from space 1536K, 97% used [0x00000000d7180000,0x00000000d72f8010,0x00000000d7300000)
  to   space 5120K, 0% used [0x00000000d6900000,0x00000000d6900000,0x00000000d6e00000)
 ParOldGen       total 77824K, used 77663K [0x0000000080000000, 0x0000000084c00000, 0x00000000d5580000)
  object space 77824K, 99% used [0x0000000080000000,0x0000000084bd7cb8,0x0000000084c00000)
 Metaspace       used 69793K, committed 71360K, reserved 1114112K
  class space    used 7898K, committed 8576K, reserved 1048576K
}
Event: 215.932 GC heap after
{Heap after GC invocations=58 (full 3):
 PSYoungGen      total 25088K, used 256K [0x00000000d5580000, 0x00000000d7200000, 0x0000000100000000)
  eden space 19968K, 0% used [0x00000000d5580000,0x00000000d5580000,0x00000000d6900000)
  from space 5120K, 5% used [0x00000000d6900000,0x00000000d6940000,0x00000000d6e00000)
  to   space 2048K, 0% used [0x00000000d7000000,0x00000000d7000000,0x00000000d7200000)
 ParOldGen       total 79360K, used 79159K [0x0000000080000000, 0x0000000084d80000, 0x00000000d5580000)
  object space 79360K, 99% used [0x0000000080000000,0x0000000084d4dcc8,0x0000000084d80000)
 Metaspace       used 69793K, committed 71360K, reserved 1114112K
  class space    used 7898K, committed 8576K, reserved 1048576K
}
Event: 216.826 GC heap before
{Heap before GC invocations=59 (full 3):
 PSYoungGen      total 25088K, used 20224K [0x00000000d5580000, 0x00000000d7200000, 0x0000000100000000)
  eden space 19968K, 100% used [0x00000000d5580000,0x00000000d6900000,0x00000000d6900000)
  from space 5120K, 5% used [0x00000000d6900000,0x00000000d6940000,0x00000000d6e00000)
  to   space 2048K, 0% used [0x00000000d7000000,0x00000000d7000000,0x00000000d7200000)
 ParOldGen       total 79360K, used 79159K [0x0000000080000000, 0x0000000084d80000, 0x00000000d5580000)
  object space 79360K, 99% used [0x0000000080000000,0x0000000084d4dcc8,0x0000000084d80000)
 Metaspace       used 69793K, committed 71360K, reserved 1114112K
  class space    used 7898K, committed 8576K, reserved 1048576K
}
Event: 216.827 GC heap after
{Heap after GC invocations=59 (full 3):
 PSYoungGen      total 20480K, used 256K [0x00000000d5580000, 0x00000000d7080000, 0x0000000100000000)
  eden space 19968K, 0% used [0x00000000d5580000,0x00000000d5580000,0x00000000d6900000)
  from space 512K, 50% used [0x00000000d7000000,0x00000000d7040000,0x00000000d7080000)
  to   space 1024K, 0% used [0x00000000d6e80000,0x00000000d6e80000,0x00000000d6f80000)
 ParOldGen       total 79360K, used 79215K [0x0000000080000000, 0x0000000084d80000, 0x00000000d5580000)
  object space 79360K, 99% used [0x0000000080000000,0x0000000084d5bcc8,0x0000000084d80000)
 Metaspace       used 69793K, committed 71360K, reserved 1114112K
  class space    used 7898K, committed 8576K, reserved 1048576K
}
Event: 398.255 GC heap before
{Heap before GC invocations=60 (full 3):
 PSYoungGen      total 20480K, used 20224K [0x00000000d5580000, 0x00000000d7080000, 0x0000000100000000)
  eden space 19968K, 100% used [0x00000000d5580000,0x00000000d6900000,0x00000000d6900000)
  from space 512K, 50% used [0x00000000d7000000,0x00000000d7040000,0x00000000d7080000)
  to   space 1024K, 0% used [0x00000000d6e80000,0x00000000d6e80000,0x00000000d6f80000)
 ParOldGen       total 79360K, used 79215K [0x0000000080000000, 0x0000000084d80000, 0x00000000d5580000)
  object space 79360K, 99% used [0x0000000080000000,0x0000000084d5bcc8,0x0000000084d80000)
 Metaspace       used 71233K, committed 72768K, reserved 1114112K
  class space    used 8050K, committed 8704K, reserved 1048576K
}
Event: 398.266 GC heap after
{Heap after GC invocations=60 (full 3):
 PSYoungGen      total 20992K, used 792K [0x00000000d5580000, 0x00000000d7080000, 0x0000000100000000)
  eden space 19968K, 0% used [0x00000000d5580000,0x00000000d5580000,0x00000000d6900000)
  from space 1024K, 77% used [0x00000000d6e80000,0x00000000d6f461c8,0x00000000d6f80000)
  to   space 1024K, 0% used [0x00000000d6f80000,0x00000000d6f80000,0x00000000d7080000)
 ParOldGen       total 79360K, used 79231K [0x0000000080000000, 0x0000000084d80000, 0x00000000d5580000)
  object space 79360K, 99% used [0x0000000080000000,0x0000000084d5fcc8,0x0000000084d80000)
 Metaspace       used 71233K, committed 72768K, reserved 1114112K
  class space    used 8050K, committed 8704K, reserved 1048576K
}

