# JRE version: OpenJDK Runtime Environment Temurin-21.0.10+7 (21.0.10+7) (build 21.0.10+7-LTS)
# Java VM: OpenJDK 64-Bit Server VM Temurin-21.0.10+7 (21.0.10+7-LTS, mixed mode, sharing, tiered, compressed oops, compressed class ptrs, parallel gc, windows-amd64)
GC Precious Log:
 CardTable entry size: 512
 CPUs: 8 total, 8 available
 Memory: 8039M
 Large Page Support: Disabled
 NUMA Support: Disabled
 Compressed Oops: Enabled (32-bit)
 Alignments: Space 512K, Generation 512K, Heap 2M
 Heap Min Capacity: 100M
 Heap Initial Capacity: 100M
 Heap Max Capacity: 2G
 Pre-touch: Disabled
 Parallel Workers: 8
Heap:
 PSYoungGen      total 2560K, used 1670K [0x00000000d5580000, 0x00000000d5b80000, 0x0000000100000000)
  eden space 2048K, 59% used [0x00000000d5580000,0x00000000d56b1b08,0x00000000d5780000)
  from space 512K, 87% used [0x00000000d5800000,0x00000000d5870000,0x00000000d5880000)
  to   space 1536K, 0% used [0x00000000d5a00000,0x00000000d5a00000,0x00000000d5b80000)
 ParOldGen       total 207872K, used 207440K [0x0000000080000000, 0x000000008cb00000, 0x00000000d5580000)
  object space 207872K, 99% used [0x0000000080000000,0x000000008ca94350,0x000000008cb00000)
 Metaspace       used 74903K, committed 76608K, reserved 1179648K
  class space    used 8236K, committed 8960K, reserved 1048576K
GC Heap History (20 events):
Event: 707.101 GC heap before
{Heap before GC invocations=527 (full 3):
 PSYoungGen      total 3584K, used 3120K [0x00000000d5580000, 0x00000000d5a80000, 0x0000000100000000)
  eden space 2048K, 100% used [0x00000000d5580000,0x00000000d5780000,0x00000000d5780000)
  from space 1536K, 69% used [0x00000000d5780000,0x00000000d588c000,0x00000000d5900000)
  to   space 1536K, 0% used [0x00000000d5900000,0x00000000d5900000,0x00000000d5a80000)
 ParOldGen       total 195584K, used 195493K [0x0000000080000000, 0x000000008bf00000, 0x00000000d5580000)
  object space 195584K, 99% used [0x0000000080000000,0x000000008bee94d0,0x000000008bf00000)
 Metaspace       used 74889K, committed 76544K, reserved 1179648K
  class space    used 8236K, committed 8960K, reserved 1048576K
}
Event: 707.114 GC heap after
{Heap after GC invocations=527 (full 3):
 PSYoungGen      total 2560K, used 256K [0x00000000d5580000, 0x00000000d5980000, 0x0000000100000000)
  eden space 2048K, 0% used [0x00000000d5580000,0x00000000d5580000,0x00000000d5780000)
  from space 512K, 50% used [0x00000000d5900000,0x00000000d5940000,0x00000000d5980000)
  to   space 1024K, 0% used [0x00000000d5780000,0x00000000d5780000,0x00000000d5880000)
 ParOldGen       total 196608K, used 196413K [0x0000000080000000, 0x000000008c000000, 0x00000000d5580000)
  object space 196608K, 99% used [0x0000000080000000,0x000000008bfcf4d0,0x000000008c000000)
 Metaspace       used 74889K, committed 76544K, reserved 1179648K
  class space    used 8236K, committed 8960K, reserved 1048576K
}
Event: 707.840 GC heap before
{Heap before GC invocations=528 (full 3):
 PSYoungGen      total 2560K, used 2300K [0x00000000d5580000, 0x00000000d5980000, 0x0000000100000000)
  eden space 2048K, 99% used [0x00000000d5580000,0x00000000d577f398,0x00000000d5780000)
  from space 512K, 50% used [0x00000000d5900000,0x00000000d5940000,0x00000000d5980000)
  to   space 1024K, 0% used [0x00000000d5780000,0x00000000d5780000,0x00000000d5880000)
 ParOldGen       total 196608K, used 196413K [0x0000000080000000, 0x000000008c000000, 0x00000000d5580000)
  object space 196608K, 99% used [0x0000000080000000,0x000000008bfcf4d0,0x000000008c000000)
 Metaspace       used 74891K, committed 76544K, reserved 1179648K
  class space    used 8236K, committed 8960K, reserved 1048576K
}
Event: 707.842 GC heap after
{Heap after GC invocations=528 (full 3):
 PSYoungGen      total 3072K, used 192K [0x00000000d5580000, 0x00000000d5980000, 0x0000000100000000)
  eden space 2048K, 0% used [0x00000000d5580000,0x00000000d5580000,0x00000000d5780000)
  from space 1024K, 18% used [0x00000000d5780000,0x00000000d57b0000,0x00000000d5880000)
  to   space 512K, 0% used [0x00000000d5900000,0x00000000d5900000,0x00000000d5980000)
 ParOldGen       total 196608K, used 196445K [0x0000000080000000, 0x000000008c000000, 0x00000000d5580000)
  object space 196608K, 99% used [0x0000000080000000,0x000000008bfd74d0,0x000000008c000000)
 Metaspace       used 74891K, committed 76544K, reserved 1179648K
  class space    used 8236K, committed 8960K, reserved 1048576K
}
Event: 708.199 GC heap before
{Heap before GC invocations=529 (full 3):
 PSYoungGen      total 3072K, used 2240K [0x00000000d5580000, 0x00000000d5980000, 0x0000000100000000)
  eden space 2048K, 100% used [0x00000000d5580000,0x00000000d5780000,0x00000000d5780000)
  from space 1024K, 18% used [0x00000000d5780000,0x00000000d57b0000,0x00000000d5880000)
  to   space 512K, 0% used [0x00000000d5900000,0x00000000d5900000,0x00000000d5980000)
 ParOldGen       total 196608K, used 196445K [0x0000000080000000, 0x000000008c000000, 0x00000000d5580000)
  object space 196608K, 99% used [0x0000000080000000,0x000000008bfd74d0,0x000000008c000000)
 Metaspace       used 74891K, committed 76544K, reserved 1179648K
  class space    used 8236K, committed 8960K, reserved 1048576K
}
Event: 708.204 GC heap after
{Heap after GC invocations=529 (full 3):
 PSYoungGen      total 2048K, used 500K [0x00000000d5580000, 0x00000000d5b80000, 0x0000000100000000)
  eden space 1536K, 0% used [0x00000000d5580000,0x00000000d5580000,0x00000000d5700000)
  from space 512K, 97% used [0x00000000d5900000,0x00000000d597d380,0x00000000d5980000)
  to   space 2048K, 0% used [0x00000000d5700000,0x00000000d5700000,0x00000000d5900000)
 ParOldGen       total 197632K, used 197346K [0x0000000080000000, 0x000000008c100000, 0x00000000d5580000)
  object space 197632K, 99% used [0x0000000080000000,0x000000008c0b8850,0x000000008c100000)
 Metaspace       used 74891K, committed 76544K, reserved 1179648K
  class space    used 8236K, committed 8960K, reserved 1048576K
}
Event: 708.234 GC heap before
{Heap before GC invocations=530 (full 3):
 PSYoungGen      total 2048K, used 2036K [0x00000000d5580000, 0x00000000d5b80000, 0x0000000100000000)
  eden space 1536K, 100% used [0x00000000d5580000,0x00000000d5700000,0x00000000d5700000)
  from space 512K, 97% used [0x00000000d5900000,0x00000000d597d380,0x00000000d5980000)
  to   space 2048K, 0% used [0x00000000d5700000,0x00000000d5700000,0x00000000d5900000)
 ParOldGen       total 197632K, used 197346K [0x0000000080000000, 0x000000008c100000, 0x00000000d5580000)
  object space 197632K, 99% used [0x0000000080000000,0x000000008c0b8850,0x000000008c100000)
 Metaspace       used 74891K, committed 76544K, reserved 1179648K
  class space    used 8236K, committed 8960K, reserved 1048576K
}
Event: 708.249 GC heap after
{Heap after GC invocations=530 (full 3):
 PSYoungGen      total 3584K, used 1616K [0x00000000d5580000, 0x00000000d5b00000, 0x0000000100000000)
  eden space 1536K, 0% used [0x00000000d5580000,0x00000000d5580000,0x00000000d5700000)
  from space 2048K, 78% used [0x00000000d5700000,0x00000000d5894010,0x00000000d5900000)
  to   space 2048K, 0% used [0x00000000d5900000,0x00000000d5900000,0x00000000d5b00000)
 ParOldGen       total 198144K, used 197854K [0x0000000080000000, 0x000000008c180000, 0x00000000d5580000)
  object space 198144K, 99% used [0x0000000080000000,0x000000008c137be0,0x000000008c180000)
 Metaspace       used 74891K, committed 76544K, reserved 1179648K
  class space    used 8236K, committed 8960K, reserved 1048576K
}
Event: 708.270 GC heap before
{Heap before GC invocations=531 (full 3):
 PSYoungGen      total 3584K, used 3152K [0x00000000d5580000, 0x00000000d5b00000, 0x0000000100000000)
  eden space 1536K, 100% used [0x00000000d5580000,0x00000000d5700000,0x00000000d5700000)
  from space 2048K, 78% used [0x00000000d5700000,0x00000000d5894010,0x00000000d5900000)
  to   space 2048K, 0% used [0x00000000d5900000,0x00000000d5900000,0x00000000d5b00000)
 ParOldGen       total 198144K, used 197854K [0x0000000080000000, 0x000000008c180000, 0x00000000d5580000)
  object space 198144K, 99% used [0x0000000080000000,0x000000008c137be0,0x000000008c180000)
 Metaspace       used 74891K, committed 76544K, reserved 1179648K
  class space    used 8236K, committed 8960K, reserved 1048576K
}
Event: 708.294 GC heap after
{Heap after GC invocations=531 (full 3):
 PSYoungGen      total 3584K, used 1664K [0x00000000d5580000, 0x00000000d5b80000, 0x0000000100000000)
  eden space 1536K, 0% used [0x00000000d5580000,0x00000000d5580000,0x00000000d5700000)
  from space 2048K, 81% used [0x00000000d5900000,0x00000000d5aa0000,0x00000000d5b00000)
  to   space 2048K, 0% used [0x00000000d5700000,0x00000000d5700000,0x00000000d5900000)
 ParOldGen       total 199680K, used 199406K [0x0000000080000000, 0x000000008c300000, 0x00000000d5580000)
  object space 199680K, 99% used [0x0000000080000000,0x000000008c2bbbf0,0x000000008c300000)
 Metaspace       used 74891K, committed 76544K, reserved 1179648K
  class space    used 8236K, committed 8960K, reserved 1048576K
}
Event: 708.316 GC heap before
{Heap before GC invocations=532 (full 3):
 PSYoungGen      total 3584K, used 3168K [0x00000000d5580000, 0x00000000d5b80000, 0x0000000100000000)
  eden space 1536K, 97% used [0x00000000d5580000,0x00000000d56f8368,0x00000000d5700000)
  from space 2048K, 81% used [0x00000000d5900000,0x00000000d5aa0000,0x00000000d5b00000)
  to   space 2048K, 0% used [0x00000000d5700000,0x00000000d5700000,0x00000000d5900000)
 ParOldGen       total 199680K, used 199406K [0x0000000080000000, 0x000000008c300000, 0x00000000d5580000)
  object space 199680K, 99% used [0x0000000080000000,0x000000008c2bbbf0,0x000000008c300000)
 Metaspace       used 74891K, committed 76544K, reserved 1179648K
  class space    used 8236K, committed 8960K, reserved 1048576K
}
Event: 708.331 GC heap after
{Heap after GC invocations=532 (full 3):
 PSYoungGen      total 3584K, used 1477K [0x00000000d5580000, 0x00000000d5b80000, 0x0000000100000000)
  eden space 1536K, 0% used [0x00000000d5580000,0x00000000d5580000,0x00000000d5700000)
  from space 2048K, 72% used [0x00000000d5700000,0x00000000d5871400,0x00000000d5900000)
  to   space 2048K, 0% used [0x00000000d5980000,0x00000000d5980000,0x00000000d5b80000)
 ParOldGen       total 201216K, used 200950K [0x0000000080000000, 0x000000008c480000, 0x00000000d5580000)
  object space 201216K, 99% used [0x0000000080000000,0x000000008c43dbf0,0x000000008c480000)
 Metaspace       used 74891K, committed 76544K, reserved 1179648K
  class space    used 8236K, committed 8960K, reserved 1048576K
}
Event: 708.923 GC heap before
{Heap before GC invocations=533 (full 3):
 PSYoungGen      total 3584K, used 2923K [0x00000000d5580000, 0x00000000d5b80000, 0x0000000100000000)
  eden space 1536K, 94% used [0x00000000d5580000,0x00000000d56e9ae8,0x00000000d5700000)
  from space 2048K, 72% used [0x00000000d5700000,0x00000000d5871400,0x00000000d5900000)
  to   space 2048K, 0% used [0x00000000d5980000,0x00000000d5980000,0x00000000d5b80000)
 ParOldGen       total 201216K, used 200950K [0x0000000080000000, 0x000000008c480000, 0x00000000d5580000)
  object space 201216K, 99% used [0x0000000080000000,0x000000008c43dbf0,0x000000008c480000)
 Metaspace       used 74891K, committed 76544K, reserved 1179648K
  class space    used 8236K, committed 8960K, reserved 1048576K
}
Event: 708.928 GC heap after
{Heap after GC invocations=533 (full 3):
 PSYoungGen      total 3584K, used 1236K [0x00000000d5580000, 0x00000000d5b00000, 0x0000000100000000)
  eden space 2048K, 0% used [0x00000000d5580000,0x00000000d5580000,0x00000000d5780000)
  from space 1536K, 80% used [0x00000000d5980000,0x00000000d5ab5000,0x00000000d5b00000)
  to   space 1536K, 0% used [0x00000000d5800000,0x00000000d5800000,0x00000000d5980000)
 ParOldGen       total 202240K, used 202190K [0x0000000080000000, 0x000000008c580000, 0x00000000d5580000)
  object space 202240K, 99% used [0x0000000080000000,0x000000008c573bf0,0x000000008c580000)
 Metaspace       used 74891K, committed 76544K, reserved 1179648K
  class space    used 8236K, committed 8960K, reserved 1048576K
}
Event: 709.006 GC heap before
{Heap before GC invocations=534 (full 3):
 PSYoungGen      total 3584K, used 3284K [0x00000000d5580000, 0x00000000d5b00000, 0x0000000100000000)
  eden space 2048K, 100% used [0x00000000d5580000,0x00000000d5780000,0x00000000d5780000)
  from space 1536K, 80% used [0x00000000d5980000,0x00000000d5ab5000,0x00000000d5b00000)
  to   space 1536K, 0% used [0x00000000d5800000,0x00000000d5800000,0x00000000d5980000)
 ParOldGen       total 202240K, used 202190K [0x0000000080000000, 0x000000008c580000, 0x00000000d5580000)
  object space 202240K, 99% used [0x0000000080000000,0x000000008c573bf0,0x000000008c580000)
 Metaspace       used 74891K, committed 76544K, reserved 1179648K
  class space    used 8236K, committed 8960K, reserved 1048576K
}
Event: 709.010 GC heap after
{Heap after GC invocations=534 (full 3):
 PSYoungGen      total 3584K, used 1510K [0x00000000d5580000, 0x00000000d5e80000, 0x0000000100000000)
  eden space 2048K, 0% used [0x00000000d5580000,0x00000000d5580000,0x00000000d5780000)
  from space 1536K, 98% used [0x00000000d5800000,0x00000000d5979bb0,0x00000000d5980000)
  to   space 3584K, 0% used [0x00000000d5b00000,0x00000000d5b00000,0x00000000d5e80000)
 ParOldGen       total 204288K, used 203874K [0x0000000080000000, 0x000000008c780000, 0x00000000d5580000)
  object space 204288K, 99% used [0x0000000080000000,0x000000008c718bf0,0x000000008c780000)
 Metaspace       used 74891K, committed 76544K, reserved 1179648K
  class space    used 8236K, committed 8960K, reserved 1048576K
}
Event: 709.035 GC heap before
{Heap before GC invocations=535 (full 3):
 PSYoungGen      total 3584K, used 3558K [0x00000000d5580000, 0x00000000d5e80000, 0x0000000100000000)
  eden space 2048K, 100% used [0x00000000d5580000,0x00000000d5780000,0x00000000d5780000)
  from space 1536K, 98% used [0x00000000d5800000,0x00000000d5979bb0,0x00000000d5980000)
  to   space 3584K, 0% used [0x00000000d5b00000,0x00000000d5b00000,0x00000000d5e80000)
 ParOldGen       total 204288K, used 203874K [0x0000000080000000, 0x000000008c780000, 0x00000000d5580000)
  object space 204288K, 99% used [0x0000000080000000,0x000000008c718bf0,0x000000008c780000)
 Metaspace       used 74891K, committed 76544K, reserved 1179648K
  class space    used 8236K, committed 8960K, reserved 1048576K
}
Event: 709.040 GC heap after
{Heap after GC invocations=535 (full 3):
 PSYoungGen      total 4096K, used 1808K [0x00000000d5580000, 0x00000000d5d00000, 0x0000000100000000)
  eden space 2048K, 0% used [0x00000000d5580000,0x00000000d5580000,0x00000000d5780000)
  from space 2048K, 88% used [0x00000000d5b00000,0x00000000d5cc4000,0x00000000d5d00000)
  to   space 2560K, 0% used [0x00000000d5800000,0x00000000d5800000,0x00000000d5a80000)
 ParOldGen       total 205824K, used 205704K [0x0000000080000000, 0x000000008c900000, 0x00000000d5580000)
  object space 205824K, 99% used [0x0000000080000000,0x000000008c8e2350,0x000000008c900000)
 Metaspace       used 74891K, committed 76544K, reserved 1179648K
  class space    used 8236K, committed 8960K, reserved 1048576K
}
Event: 788.243 GC heap before
{Heap before GC invocations=536 (full 3):
 PSYoungGen      total 4096K, used 3848K [0x00000000d5580000, 0x00000000d5d00000, 0x0000000100000000)
  eden space 2048K, 99% used [0x00000000d5580000,0x00000000d577e0b8,0x00000000d5780000)
  from space 2048K, 88% used [0x00000000d5b00000,0x00000000d5cc4000,0x00000000d5d00000)
  to   space 2560K, 0% used [0x00000000d5800000,0x00000000d5800000,0x00000000d5a80000)
 ParOldGen       total 205824K, used 205704K [0x0000000080000000, 0x000000008c900000, 0x00000000d5580000)
  object space 205824K, 99% used [0x0000000080000000,0x000000008c8e2350,0x000000008c900000)
 Metaspace       used 74899K, committed 76608K, reserved 1179648K
  class space    used 8236K, committed 8960K, reserved 1048576K
}
Event: 788.361 GC heap after
{Heap after GC invocations=536 (full 3):
 PSYoungGen      total 2560K, used 448K [0x00000000d5580000, 0x00000000d5b80000, 0x0000000100000000)
  eden space 2048K, 0% used [0x00000000d5580000,0x00000000d5580000,0x00000000d5780000)
  from space 512K, 87% used [0x00000000d5800000,0x00000000d5870000,0x00000000d5880000)
  to   space 1536K, 0% used [0x00000000d5a00000,0x00000000d5a00000,0x00000000d5b80000)
 ParOldGen       total 207872K, used 207440K [0x0000000080000000, 0x000000008cb00000, 0x00000000d5580000)
  object space 207872K, 99% used [0x0000000080000000,0x000000008ca94350,0x000000008cb00000)
 Metaspace       used 74899K, committed 76608K, reserved 1179648K
  class space    used 8236K, committed 8960K, reserved 1048576K
}

