# JRE version: OpenJDK Runtime Environment Temurin-21.0.10+7 (21.0.10+7) (build 21.0.10+7-LTS)
# Java VM: OpenJDK 64-Bit Server VM Temurin-21.0.10+7 (21.0.10+7-LTS, mixed mode, sharing, tiered, compressed oops, compressed class ptrs, parallel gc, windows-amd64)
GC Precious Log:
 CardTable entry size: 512
 CPUs: 8 total, 8 available
 Memory: 8039M
 Large Page Support: Disabled
 NUMA Support: Disabled
 Compressed Oops: Enabled (32-bit)
 Alignments: Space 512K, Generation 512K, Heap 2M
 Heap Min Capacity: 100M
 Heap Initial Capacity: 100M
 Heap Max Capacity: 2G
 Pre-touch: Disabled
 Parallel Workers: 8
Heap:
 PSYoungGen      total 2560K, used 1238K [0x00000000d5580000, 0x00000000d5c00000, 0x0000000100000000)
  eden space 2048K, 51% used [0x00000000d5580000,0x00000000d5685870,0x00000000d5780000)
  from space 512K, 37% used [0x00000000d5b00000,0x00000000d5b30000,0x00000000d5b80000)
  to   space 512K, 0% used [0x00000000d5b80000,0x00000000d5b80000,0x00000000d5c00000)
 ParOldGen       total 538624K, used 538265K [0x0000000080000000, 0x00000000a0e00000, 0x00000000d5580000)
  object space 538624K, 99% used [0x0000000080000000,0x00000000a0da67c0,0x00000000a0e00000)
 Metaspace       used 82515K, committed 84224K, reserved 1179648K
  class space    used 9705K, committed 10496K, reserved 1048576K
GC Heap History (20 events):
Event: 442.415 GC heap before
{Heap before GC invocations=3797 (full 4):
 PSYoungGen      total 11776K, used 11663K [0x00000000d5580000, 0x00000000d6780000, 0x0000000100000000)
  eden space 6144K, 100% used [0x00000000d5580000,0x00000000d5b80000,0x00000000d5b80000)
  from space 5632K, 98% used [0x00000000d5d00000,0x00000000d6263f20,0x00000000d6280000)
  to   space 5120K, 0% used [0x00000000d6280000,0x00000000d6280000,0x00000000d6780000)
 ParOldGen       total 521728K, used 521234K [0x0000000080000000, 0x000000009fd80000, 0x00000000d5580000)
  object space 521728K, 99% used [0x0000000080000000,0x000000009fd04988,0x000000009fd80000)
 Metaspace       used 82050K, committed 83776K, reserved 1179648K
  class space    used 9643K, committed 10432K, reserved 1048576K
}
Event: 442.424 GC heap after
{Heap after GC invocations=3797 (full 4):
 PSYoungGen      total 6144K, used 5104K [0x00000000d5580000, 0x00000000d7500000, 0x0000000100000000)
  eden space 1024K, 0% used [0x00000000d5580000,0x00000000d5580000,0x00000000d5680000)
  from space 5120K, 99% used [0x00000000d6280000,0x00000000d677c128,0x00000000d6780000)
  to   space 12288K, 0% used [0x00000000d5680000,0x00000000d5680000,0x00000000d6280000)
 ParOldGen       total 527872K, used 527398K [0x0000000080000000, 0x00000000a0380000, 0x00000000d5580000)
  object space 527872K, 99% used [0x0000000080000000,0x00000000a0309990,0x00000000a0380000)
 Metaspace       used 82050K, committed 83776K, reserved 1179648K
  class space    used 9643K, committed 10432K, reserved 1048576K
}
Event: 442.435 GC heap before
{Heap before GC invocations=3798 (full 4):
 PSYoungGen      total 6144K, used 6128K [0x00000000d5580000, 0x00000000d7500000, 0x0000000100000000)
  eden space 1024K, 100% used [0x00000000d5580000,0x00000000d5680000,0x00000000d5680000)
  from space 5120K, 99% used [0x00000000d6280000,0x00000000d677c128,0x00000000d6780000)
  to   space 12288K, 0% used [0x00000000d5680000,0x00000000d5680000,0x00000000d6280000)
 ParOldGen       total 527872K, used 527398K [0x0000000080000000, 0x00000000a0380000, 0x00000000d5580000)
  object space 527872K, 99% used [0x0000000080000000,0x00000000a0309990,0x00000000a0380000)
 Metaspace       used 82050K, committed 83776K, reserved 1179648K
  class space    used 9643K, committed 10432K, reserved 1048576K
}
Event: 442.442 GC heap after
{Heap after GC invocations=3798 (full 4):
 PSYoungGen      total 2048K, used 928K [0x00000000d5580000, 0x00000000d6300000, 0x0000000100000000)
  eden space 1024K, 0% used [0x00000000d5580000,0x00000000d5580000,0x00000000d5680000)
  from space 1024K, 90% used [0x00000000d5680000,0x00000000d5768000,0x00000000d5780000)
  to   space 5120K, 0% used [0x00000000d5e00000,0x00000000d5e00000,0x00000000d6300000)
 ParOldGen       total 532992K, used 532582K [0x0000000080000000, 0x00000000a0880000, 0x00000000d5580000)
  object space 532992K, 99% used [0x0000000080000000,0x00000000a0819ab8,0x00000000a0880000)
 Metaspace       used 82050K, committed 83776K, reserved 1179648K
  class space    used 9643K, committed 10432K, reserved 1048576K
}
Event: 442.463 GC heap before
{Heap before GC invocations=3799 (full 4):
 PSYoungGen      total 2048K, used 1951K [0x00000000d5580000, 0x00000000d6300000, 0x0000000100000000)
  eden space 1024K, 99% used [0x00000000d5580000,0x00000000d567ffe8,0x00000000d5680000)
  from space 1024K, 90% used [0x00000000d5680000,0x00000000d5768000,0x00000000d5780000)
  to   space 5120K, 0% used [0x00000000d5e00000,0x00000000d5e00000,0x00000000d6300000)
 ParOldGen       total 532992K, used 532582K [0x0000000080000000, 0x00000000a0880000, 0x00000000d5580000)
  object space 532992K, 99% used [0x0000000080000000,0x00000000a0819ab8,0x00000000a0880000)
 Metaspace       used 82050K, committed 83776K, reserved 1179648K
  class space    used 9643K, committed 10432K, reserved 1048576K
}
Event: 442.466 GC heap after
{Heap after GC invocations=3799 (full 4):
 PSYoungGen      total 2560K, used 928K [0x00000000d5580000, 0x00000000d5f00000, 0x0000000100000000)
  eden space 1536K, 0% used [0x00000000d5580000,0x00000000d5580000,0x00000000d5700000)
  from space 1024K, 90% used [0x00000000d5e00000,0x00000000d5ee8000,0x00000000d5f00000)
  to   space 2048K, 0% used [0x00000000d5b00000,0x00000000d5b00000,0x00000000d5d00000)
 ParOldGen       total 533504K, used 533453K [0x0000000080000000, 0x00000000a0900000, 0x00000000d5580000)
  object space 533504K, 99% used [0x0000000080000000,0x00000000a08f3720,0x00000000a0900000)
 Metaspace       used 82050K, committed 83776K, reserved 1179648K
  class space    used 9643K, committed 10432K, reserved 1048576K
}
Event: 442.494 GC heap before
{Heap before GC invocations=3800 (full 4):
 PSYoungGen      total 2560K, used 2463K [0x00000000d5580000, 0x00000000d5f00000, 0x0000000100000000)
  eden space 1536K, 99% used [0x00000000d5580000,0x00000000d56fffe0,0x00000000d5700000)
  from space 1024K, 90% used [0x00000000d5e00000,0x00000000d5ee8000,0x00000000d5f00000)
  to   space 2048K, 0% used [0x00000000d5b00000,0x00000000d5b00000,0x00000000d5d00000)
 ParOldGen       total 533504K, used 533453K [0x0000000080000000, 0x00000000a0900000, 0x00000000d5580000)
  object space 533504K, 99% used [0x0000000080000000,0x00000000a08f3720,0x00000000a0900000)
 Metaspace       used 82050K, committed 83776K, reserved 1179648K
  class space    used 9643K, committed 10432K, reserved 1048576K
}
Event: 442.497 GC heap after
{Heap after GC invocations=3800 (full 4):
 PSYoungGen      total 3584K, used 1468K [0x00000000d5580000, 0x00000000d5e80000, 0x0000000100000000)
  eden space 2048K, 0% used [0x00000000d5580000,0x00000000d5580000,0x00000000d5780000)
  from space 1536K, 95% used [0x00000000d5b00000,0x00000000d5c6f1f8,0x00000000d5c80000)
  to   space 2048K, 0% used [0x00000000d5c80000,0x00000000d5c80000,0x00000000d5e80000)
 ParOldGen       total 534528K, used 534286K [0x0000000080000000, 0x00000000a0a00000, 0x00000000d5580000)
  object space 534528K, 99% used [0x0000000080000000,0x00000000a09c3a50,0x00000000a0a00000)
 Metaspace       used 82050K, committed 83776K, reserved 1179648K
  class space    used 9643K, committed 10432K, reserved 1048576K
}
Event: 442.528 GC heap before
{Heap before GC invocations=3801 (full 4):
 PSYoungGen      total 3584K, used 3516K [0x00000000d5580000, 0x00000000d5e80000, 0x0000000100000000)
  eden space 2048K, 100% used [0x00000000d5580000,0x00000000d5780000,0x00000000d5780000)
  from space 1536K, 95% used [0x00000000d5b00000,0x00000000d5c6f1f8,0x00000000d5c80000)
  to   space 2048K, 0% used [0x00000000d5c80000,0x00000000d5c80000,0x00000000d5e80000)
 ParOldGen       total 534528K, used 534286K [0x0000000080000000, 0x00000000a0a00000, 0x00000000d5580000)
  object space 534528K, 99% used [0x0000000080000000,0x00000000a09c3a50,0x00000000a0a00000)
 Metaspace       used 82053K, committed 83776K, reserved 1179648K
  class space    used 9643K, committed 10432K, reserved 1048576K
}
Event: 442.532 GC heap after
{Heap after GC invocations=3801 (full 4):
 PSYoungGen      total 4096K, used 1952K [0x00000000d5580000, 0x00000000d5e80000, 0x0000000100000000)
  eden space 2048K, 0% used [0x00000000d5580000,0x00000000d5580000,0x00000000d5780000)
  from space 2048K, 95% used [0x00000000d5c80000,0x00000000d5e68000,0x00000000d5e80000)
  to   space 2560K, 0% used [0x00000000d5980000,0x00000000d5980000,0x00000000d5c00000)
 ParOldGen       total 536064K, used 535689K [0x0000000080000000, 0x00000000a0b80000, 0x00000000d5580000)
  object space 536064K, 99% used [0x0000000080000000,0x00000000a0b22520,0x00000000a0b80000)
 Metaspace       used 82053K, committed 83776K, reserved 1179648K
  class space    used 9643K, committed 10432K, reserved 1048576K
}
Event: 445.282 GC heap before
{Heap before GC invocations=3802 (full 4):
 PSYoungGen      total 4096K, used 3985K [0x00000000d5580000, 0x00000000d5e80000, 0x0000000100000000)
  eden space 2048K, 99% used [0x00000000d5580000,0x00000000d577c680,0x00000000d5780000)
  from space 2048K, 95% used [0x00000000d5c80000,0x00000000d5e68000,0x00000000d5e80000)
  to   space 2560K, 0% used [0x00000000d5980000,0x00000000d5980000,0x00000000d5c00000)
 ParOldGen       total 536064K, used 535689K [0x0000000080000000, 0x00000000a0b80000, 0x00000000d5580000)
  object space 536064K, 99% used [0x0000000080000000,0x00000000a0b22520,0x00000000a0b80000)
 Metaspace       used 82174K, committed 83968K, reserved 1179648K
  class space    used 9660K, committed 10496K, reserved 1048576K
}
Event: 445.298 GC heap after
{Heap after GC invocations=3802 (full 4):
 PSYoungGen      total 3072K, used 688K [0x00000000d5580000, 0x00000000d5d00000, 0x0000000100000000)
  eden space 2048K, 0% used [0x00000000d5580000,0x00000000d5580000,0x00000000d5780000)
  from space 1024K, 67% used [0x00000000d5980000,0x00000000d5a2c258,0x00000000d5a80000)
  to   space 1536K, 0% used [0x00000000d5b80000,0x00000000d5b80000,0x00000000d5d00000)
 ParOldGen       total 537600K, used 537524K [0x0000000080000000, 0x00000000a0d00000, 0x00000000d5580000)
  object space 537600K, 99% used [0x0000000080000000,0x00000000a0ced220,0x00000000a0d00000)
 Metaspace       used 82174K, committed 83968K, reserved 1179648K
  class space    used 9660K, committed 10496K, reserved 1048576K
}
Event: 446.124 GC heap before
{Heap before GC invocations=3803 (full 4):
 PSYoungGen      total 3072K, used 2736K [0x00000000d5580000, 0x00000000d5d00000, 0x0000000100000000)
  eden space 2048K, 100% used [0x00000000d5580000,0x00000000d5780000,0x00000000d5780000)
  from space 1024K, 67% used [0x00000000d5980000,0x00000000d5a2c258,0x00000000d5a80000)
  to   space 1536K, 0% used [0x00000000d5b80000,0x00000000d5b80000,0x00000000d5d00000)
 ParOldGen       total 537600K, used 537524K [0x0000000080000000, 0x00000000a0d00000, 0x00000000d5580000)
  object space 537600K, 99% used [0x0000000080000000,0x00000000a0ced220,0x00000000a0d00000)
 Metaspace       used 82470K, committed 84224K, reserved 1179648K
  class space    used 9701K, committed 10496K, reserved 1048576K
}
Event: 446.128 GC heap after
{Heap after GC invocations=3803 (full 4):
 PSYoungGen      total 2560K, used 224K [0x00000000d5580000, 0x00000000d5c00000, 0x0000000100000000)
  eden space 2048K, 0% used [0x00000000d5580000,0x00000000d5580000,0x00000000d5780000)
  from space 512K, 43% used [0x00000000d5b80000,0x00000000d5bb8000,0x00000000d5c00000)
  to   space 512K, 0% used [0x00000000d5b00000,0x00000000d5b00000,0x00000000d5b80000)
 ParOldGen       total 538112K, used 538081K [0x0000000080000000, 0x00000000a0d80000, 0x00000000d5580000)
  object space 538112K, 99% used [0x0000000080000000,0x00000000a0d787c0,0x00000000a0d80000)
 Metaspace       used 82470K, committed 84224K, reserved 1179648K
  class space    used 9701K, committed 10496K, reserved 1048576K
}
Event: 446.362 GC heap before
{Heap before GC invocations=3804 (full 4):
 PSYoungGen      total 2560K, used 2271K [0x00000000d5580000, 0x00000000d5c00000, 0x0000000100000000)
  eden space 2048K, 99% used [0x00000000d5580000,0x00000000d577fff0,0x00000000d5780000)
  from space 512K, 43% used [0x00000000d5b80000,0x00000000d5bb8000,0x00000000d5c00000)
  to   space 512K, 0% used [0x00000000d5b00000,0x00000000d5b00000,0x00000000d5b80000)
 ParOldGen       total 538112K, used 538081K [0x0000000080000000, 0x00000000a0d80000, 0x00000000d5580000)
  object space 538112K, 99% used [0x0000000080000000,0x00000000a0d787c0,0x00000000a0d80000)
 Metaspace       used 82487K, committed 84224K, reserved 1179648K
  class space    used 9704K, committed 10496K, reserved 1048576K
}
Event: 446.369 GC heap after
{Heap after GC invocations=3804 (full 4):
 PSYoungGen      total 2560K, used 224K [0x00000000d5580000, 0x00000000d5c00000, 0x0000000100000000)
  eden space 2048K, 0% used [0x00000000d5580000,0x00000000d5580000,0x00000000d5780000)
  from space 512K, 43% used [0x00000000d5b00000,0x00000000d5b38000,0x00000000d5b80000)
  to   space 512K, 0% used [0x00000000d5b80000,0x00000000d5b80000,0x00000000d5c00000)
 ParOldGen       total 538624K, used 538161K [0x0000000080000000, 0x00000000a0e00000, 0x00000000d5580000)
  object space 538624K, 99% used [0x0000000080000000,0x00000000a0d8c7c0,0x00000000a0e00000)
 Metaspace       used 82487K, committed 84224K, reserved 1179648K
  class space    used 9704K, committed 10496K, reserved 1048576K
}
Event: 464.931 GC heap before
{Heap before GC invocations=3805 (full 4):
 PSYoungGen      total 2560K, used 2272K [0x00000000d5580000, 0x00000000d5c00000, 0x0000000100000000)
  eden space 2048K, 100% used [0x00000000d5580000,0x00000000d5780000,0x00000000d5780000)
  from space 512K, 43% used [0x00000000d5b00000,0x00000000d5b38000,0x00000000d5b80000)
  to   space 512K, 0% used [0x00000000d5b80000,0x00000000d5b80000,0x00000000d5c00000)
 ParOldGen       total 538624K, used 538161K [0x0000000080000000, 0x00000000a0e00000, 0x00000000d5580000)
  object space 538624K, 99% used [0x0000000080000000,0x00000000a0d8c7c0,0x00000000a0e00000)
 Metaspace       used 82507K, committed 84224K, reserved 1179648K
  class space    used 9705K, committed 10496K, reserved 1048576K
}
Event: 464.939 GC heap after
{Heap after GC invocations=3805 (full 4):
 PSYoungGen      total 2560K, used 224K [0x00000000d5580000, 0x00000000d5c00000, 0x0000000100000000)
  eden space 2048K, 0% used [0x00000000d5580000,0x00000000d5580000,0x00000000d5780000)
  from space 512K, 43% used [0x00000000d5b80000,0x00000000d5bb8000,0x00000000d5c00000)
  to   space 512K, 0% used [0x00000000d5b00000,0x00000000d5b00000,0x00000000d5b80000)
 ParOldGen       total 538624K, used 538209K [0x0000000080000000, 0x00000000a0e00000, 0x00000000d5580000)
  object space 538624K, 99% used [0x0000000080000000,0x00000000a0d987c0,0x00000000a0e00000)
 Metaspace       used 82507K, committed 84224K, reserved 1179648K
  class space    used 9705K, committed 10496K, reserved 1048576K
}
Event: 464.952 GC heap before
{Heap before GC invocations=3806 (full 4):
 PSYoungGen      total 2560K, used 2272K [0x00000000d5580000, 0x00000000d5c00000, 0x0000000100000000)
  eden space 2048K, 100% used [0x00000000d5580000,0x00000000d5780000,0x00000000d5780000)
  from space 512K, 43% used [0x00000000d5b80000,0x00000000d5bb8000,0x00000000d5c00000)
  to   space 512K, 0% used [0x00000000d5b00000,0x00000000d5b00000,0x00000000d5b80000)
 ParOldGen       total 538624K, used 538209K [0x0000000080000000, 0x00000000a0e00000, 0x00000000d5580000)
  object space 538624K, 99% used [0x0000000080000000,0x00000000a0d987c0,0x00000000a0e00000)
 Metaspace       used 82513K, committed 84224K, reserved 1179648K
  class space    used 9705K, committed 10496K, reserved 1048576K
}
Event: 464.954 GC heap after
{Heap after GC invocations=3806 (full 4):
 PSYoungGen      total 2560K, used 192K [0x00000000d5580000, 0x00000000d5c00000, 0x0000000100000000)
  eden space 2048K, 0% used [0x00000000d5580000,0x00000000d5580000,0x00000000d5780000)
  from space 512K, 37% used [0x00000000d5b00000,0x00000000d5b30000,0x00000000d5b80000)
  to   space 512K, 0% used [0x00000000d5b80000,0x00000000d5b80000,0x00000000d5c00000)
 ParOldGen       total 538624K, used 538265K [0x0000000080000000, 0x00000000a0e00000, 0x00000000d5580000)
  object space 538624K, 99% used [0x0000000080000000,0x00000000a0da67c0,0x00000000a0e00000)
 Metaspace       used 82513K, committed 84224K, reserved 1179648K
  class space    used 9705K, committed 10496K, reserved 1048576K
}

